[debug] [2022-08-10T10:42:27.513Z] ----------------------------------------------------------------------
[debug] [2022-08-10T10:42:27.515Z] Command:       D:\Nodejs\node.exe C:\Users\hp\AppData\Roaming\npm\node_modules\firebase-tools\lib\bin\firebase.js emulators:start
[debug] [2022-08-10T10:42:27.516Z] CLI Version:   11.4.2
[debug] [2022-08-10T10:42:27.516Z] Platform:      win32
[debug] [2022-08-10T10:42:27.516Z] Node Version:  v16.15.1
[debug] [2022-08-10T10:42:27.517Z] Time:          Wed Aug 10 2022 16:12:27 GMT+0530 (India Standard Time)
[debug] [2022-08-10T10:42:27.517Z] ----------------------------------------------------------------------
[debug] 
[debug] [2022-08-10T10:42:27.526Z] >>> [apiv2][query] GET https://firebase-public.firebaseio.com/cli.json [none]
[debug] [2022-08-10T10:42:27.624Z] > command requires scopes: ["email","openid","https://www.googleapis.com/auth/cloudplatformprojects.readonly","https://www.googleapis.com/auth/firebase","https://www.googleapis.com/auth/cloud-platform"]
[debug] [2022-08-10T10:42:27.624Z] > authorizing via signed-in user (sandeepjetwani@gmail.com)
[info] i  emulators: Starting emulators: functions, hosting {"metadata":{"emulator":{"name":"hub"},"message":"Starting emulators: functions, hosting"}}
[debug] [2022-08-10T10:42:27.678Z] [hub] writing locator at C:\Users\hp\AppData\Local\Temp\hub-clone-69c02.json
[warn] !  functions: The following emulators are not running, calls to these services from the Functions emulator will affect production: auth, firestore, database, pubsub, storage {"metadata":{"emulator":{"name":"functions"},"message":"The following emulators are not running, calls to these services from the Functions emulator will affect production: \u001b[1mauth, firestore, database, pubsub, storage\u001b[22m"}}
[info] +  functions: Using node@16 from host. {"metadata":{"emulator":{"name":"functions"},"message":"Using node@16 from host."}}
[debug] [2022-08-10T10:42:28.122Z] defaultcredentials: writing to file C:\Users\hp\AppData\Roaming\firebase\sandeepjetwani_gmail_com_application_default_credentials.json
[debug] [2022-08-10T10:42:28.126Z] Setting GAC to C:\Users\hp\AppData\Roaming\firebase\sandeepjetwani_gmail_com_application_default_credentials.json {"metadata":{"emulator":{"name":"functions"},"message":"Setting GAC to C:\\Users\\hp\\AppData\\Roaming\\firebase\\sandeepjetwani_gmail_com_application_default_credentials.json"}}
[debug] [2022-08-10T10:42:28.128Z] > refreshing access token with scopes: []
[debug] [2022-08-10T10:42:28.129Z] >>> [apiv2][query] POST https://www.googleapis.com/oauth2/v3/token [none]
[debug] [2022-08-10T10:42:28.129Z] >>> [apiv2][body] POST https://www.googleapis.com/oauth2/v3/token [omitted]
[debug] [2022-08-10T10:42:28.436Z] <<< [apiv2][status] GET https://firebase-public.firebaseio.com/cli.json 200
[debug] [2022-08-10T10:42:28.436Z] <<< [apiv2][body] GET https://firebase-public.firebaseio.com/cli.json {"cloudBuildErrorAfter":1594252800000,"cloudBuildWarnAfter":1590019200000,"defaultNode10After":1594252800000,"minVersion":"3.0.5","node8DeploysDisabledAfter":1613390400000,"node8RuntimeDisabledAfter":1615809600000,"node8WarnAfter":1600128000000}
[debug] [2022-08-10T10:42:28.526Z] <<< [apiv2][status] POST https://www.googleapis.com/oauth2/v3/token 200
[debug] [2022-08-10T10:42:28.527Z] <<< [apiv2][body] POST https://www.googleapis.com/oauth2/v3/token [omitted]
[debug] [2022-08-10T10:42:28.547Z] >>> [apiv2][query] GET https://firebase.googleapis.com/v1beta1/projects/clone-69c02/adminSdkConfig [none]
[debug] [2022-08-10T10:42:29.213Z] <<< [apiv2][status] GET https://firebase.googleapis.com/v1beta1/projects/clone-69c02/adminSdkConfig 200
[debug] [2022-08-10T10:42:29.213Z] <<< [apiv2][body] GET https://firebase.googleapis.com/v1beta1/projects/clone-69c02/adminSdkConfig {"projectId":"clone-69c02","storageBucket":"clone-69c02.appspot.com","locationId":"us-central"}
[debug] [2022-08-10T10:42:29.227Z] >>> [apiv2][query] GET https://firebasehosting.googleapis.com/v1beta1/projects/clone-69c02/sites 
[debug] [2022-08-10T10:42:31.966Z] <<< [apiv2][status] GET https://firebasehosting.googleapis.com/v1beta1/projects/clone-69c02/sites 200
[debug] [2022-08-10T10:42:31.966Z] <<< [apiv2][body] GET https://firebasehosting.googleapis.com/v1beta1/projects/clone-69c02/sites {"sites":[{"name":"projects/clone-69c02/sites/clone-69c02","defaultUrl":"https://clone-69c02.web.app","appId":"1:711159091091:web:4d467a17fddf92eb856266","type":"DEFAULT_SITE"}]}
[debug] [2022-08-10T10:42:31.966Z] >>> [apiv2][query] GET https://firebase.googleapis.com/v1beta1/projects/clone-69c02/webApps/1:711159091091:web:4d467a17fddf92eb856266/config [none]
[debug] [2022-08-10T10:42:33.369Z] <<< [apiv2][status] GET https://firebase.googleapis.com/v1beta1/projects/clone-69c02/webApps/1:711159091091:web:4d467a17fddf92eb856266/config 200
[debug] [2022-08-10T10:42:33.369Z] <<< [apiv2][body] GET https://firebase.googleapis.com/v1beta1/projects/clone-69c02/webApps/1:711159091091:web:4d467a17fddf92eb856266/config {"projectId":"clone-69c02","appId":"1:711159091091:web:4d467a17fddf92eb856266","storageBucket":"clone-69c02.appspot.com","locationId":"us-central","apiKey":"AIzaSyCTkV0EQnWi6dG-xeYR2POO48vDiAzETks","authDomain":"clone-69c02.firebaseapp.com","messagingSenderId":"711159091091","measurementId":"G-NHHFBRFP7M"}
[info] i  hosting: Serving hosting files from: build {"metadata":{"emulator":{"name":"hosting"},"message":"Serving hosting files from: \u001b[1mbuild\u001b[22m"}}
[info] +  hosting: Local server: http://localhost:5000 {"metadata":{"emulator":{"name":"hosting"},"message":"Local server: \u001b[4m\u001b[1mhttp://localhost:5000\u001b[22m\u001b[24m"}}
[debug] [2022-08-10T10:42:33.471Z] Ignoring unsupported arg: auto_download {"metadata":{"emulator":{"name":"ui"},"message":"Ignoring unsupported arg: auto_download"}}
[debug] [2022-08-10T10:42:33.472Z] Ignoring unsupported arg: port {"metadata":{"emulator":{"name":"ui"},"message":"Ignoring unsupported arg: port"}}
[debug] [2022-08-10T10:42:33.472Z] Starting Emulator UI with command {"binary":"node","args":["C:\\Users\\hp\\.cache\\firebase\\emulators\\ui-v1.8.1\\server\\server.js"],"optionalArgs":[],"joinArgs":false} {"metadata":{"emulator":{"name":"ui"},"message":"Starting Emulator UI with command {\"binary\":\"node\",\"args\":[\"C:\\\\Users\\\\hp\\\\.cache\\\\firebase\\\\emulators\\\\ui-v1.8.1\\\\server\\\\server.js\"],\"optionalArgs\":[],\"joinArgs\":false}"}}
[info] i  ui: Emulator UI logging to ui-debug.log {"metadata":{"emulator":{"name":"ui"},"message":"Emulator UI logging to \u001b[1mui-debug.log\u001b[22m"}}
[debug] [2022-08-10T10:42:33.900Z] Web / API server started at localhost:4000
 {"metadata":{"emulator":{"name":"ui"},"message":"Web / API server started at localhost:4000\n"}}
[info] i  functions: Watching "D:\Development\Amazon clone\amazon-clone\functions" for Cloud Functions... {"metadata":{"emulator":{"name":"functions"},"message":"Watching \"D:\\Development\\Amazon clone\\amazon-clone\\functions\" for Cloud Functions..."}}
[debug] [2022-08-10T10:42:34.018Z] Validating nodejs source
[debug] [2022-08-10T10:42:42.809Z] > [functions] package.json contents: {
  "name": "functions",
  "description": "Cloud Functions for Firebase",
  "scripts": {
    "lint": "eslint .",
    "serve": "firebase emulators:start --only functions",
    "shell": "firebase functions:shell",
    "start": "npm run shell",
    "deploy": "firebase deploy --only functions",
    "logs": "firebase functions:log"
  },
  "engines": {
    "node": "16"
  },
  "main": "index.js",
  "dependencies": {
    "cors": "^2.8.5",
    "express": "^4.18.1",
    "firebase-admin": "^10.0.2",
    "firebase-functions": "^3.18.0",
    "stripe": "^10.0.0"
  },
  "devDependencies": {
    "eslint": "^8.9.0",
    "eslint-config-google": "^0.14.0",
    "firebase-functions-test": "^0.2.0"
  },
  "private": true
}
[debug] [2022-08-10T10:42:42.809Z] Building nodejs source
[debug] [2022-08-10T10:42:42.809Z] Analyzing nodejs backend spec
[debug] [2022-08-10T10:42:42.811Z] Could not find functions.yaml. Must use http discovery
[debug] [2022-08-10T10:42:45.412Z] Serving at port 9005

[debug] [2022-08-10T10:42:47.676Z] Got response from /__/functions.yaml {"endpoints":{"api":{"platform":"gcfv1","httpsTrigger":{},"entryPoint":"api"}},"specVersion":"v1alpha1","requiredAPIs":[]}
[debug] [2022-08-10T10:42:47.688Z] shutdown requested via /__/quitquitquit

[info] +  functions[us-central1-api]: http function initialized (http://localhost:5001/clone-69c02/us-central1/api). {"metadata":{"emulator":{"name":"functions"},"message":"\u001b[1mhttp\u001b[22m function initialized (http://localhost:5001/clone-69c02/us-central1/api)."}}
[info] 
┌─────────────────────────────────────────────────────────────┐
│ ✔  All emulators ready! It is now safe to connect your app. │
│ i  View Emulator UI at http://localhost:4000                │
└─────────────────────────────────────────────────────────────┘

┌───────────┬────────────────┬─────────────────────────────────┐
│ Emulator  │ Host:Port      │ View in Emulator UI             │
├───────────┼────────────────┼─────────────────────────────────┤
│ Functions │ localhost:5001 │ http://localhost:4000/functions │
├───────────┼────────────────┼─────────────────────────────────┤
│ Hosting   │ localhost:5000 │ n/a                             │
└───────────┴────────────────┴─────────────────────────────────┘
  Emulator Hub running at localhost:4400
  Other reserved ports: 4500

Issues? Report them at https://github.com/firebase/firebase-tools/issues and attach the *-debug.log files.
 
